<?xml version="1.0" encoding="UTF-8"?>
<!-- Generated by org.testng.reporters.JUnitXMLReporter -->
<testsuite hostname="MSI" failures="3" tests="3" name="Test" time="9.105" errors="0" timestamp="21 Jul 2023 06:02:41 GMT">
  <testcase classname="ddtExample.NOpCommLogin" name="verifyLoginWithInvalidcred" time="3.052">
    <failure type="java.lang.NullPointerException" message="Cannot invoke &amp;quot;org.openqa.selenium.WebDriver.findElement(org.openqa.selenium.By)&amp;quot; because &amp;quot;this.driver&amp;quot; is null">
      <![CDATA[java.lang.NullPointerException: Cannot invoke "org.openqa.selenium.WebDriver.findElement(org.openqa.selenium.By)" because "this.driver" is null
	at ddtExample.NOpCommLogin.verifyLoginWithInvalidcred(NOpCommLogin.java:18)
... Removed 24 stack frames]]>
    </failure>
  </testcase> <!-- verifyLoginWithInvalidcred -->
  <testcase classname="ddtExample.NOpCommLogin" name="verifyLoginWithInvalidcred" time="3.011">
    <failure type="java.lang.NullPointerException" message="Cannot invoke &amp;quot;org.openqa.selenium.WebDriver.findElement(org.openqa.selenium.By)&amp;quot; because &amp;quot;this.driver&amp;quot; is null">
      <![CDATA[java.lang.NullPointerException: Cannot invoke "org.openqa.selenium.WebDriver.findElement(org.openqa.selenium.By)" because "this.driver" is null
	at ddtExample.NOpCommLogin.verifyLoginWithInvalidcred(NOpCommLogin.java:18)
... Removed 24 stack frames]]>
    </failure>
  </testcase> <!-- verifyLoginWithInvalidcred -->
  <testcase classname="ddtExample.NOpCommLogin" name="verifyLoginWithInvalidcred" time="3.011">
    <failure type="java.lang.NullPointerException" message="Cannot invoke &amp;quot;org.openqa.selenium.WebDriver.findElement(org.openqa.selenium.By)&amp;quot; because &amp;quot;this.driver&amp;quot; is null">
      <![CDATA[java.lang.NullPointerException: Cannot invoke "org.openqa.selenium.WebDriver.findElement(org.openqa.selenium.By)" because "this.driver" is null
	at ddtExample.NOpCommLogin.verifyLoginWithInvalidcred(NOpCommLogin.java:18)
... Removed 24 stack frames]]>
    </failure>
  </testcase> <!-- verifyLoginWithInvalidcred -->
</testsuite> <!-- Test -->
